<?xml version="1.0" encoding="UTF-8"?>
<!-- Generated by org.testng.reporters.JUnitReportReporter -->
<testsuite skipped="0" hostname="DESKTOP-KLNFU14" name="tests.TravelsLogInUsingApachePoi" tests="1" failures="0" timestamp="2019-12-13T18:36:07 CET" time="9.797" errors="0">
  <testcase name="logInTest" time="9.797" classname="tests.TravelsLogInUsingApachePoi"/>
</testsuite> <!-- tests.TravelsLogInUsingApachePoi -->
