<?xml version="1.0" encoding="UTF-8"?>
<!-- Generated by org.testng.reporters.JUnitReportReporter -->
<testsuite skipped="0" hostname="DESKTOP-KLNFU14" name="tests.TravelsCustomerEditTest" tests="2" failures="0" timestamp="2019-12-13T19:08:33 CET" time="27.996" errors="0">
  <testcase name="editDetailsInCarExtras" time="17.255" classname="tests.TravelsCustomerEditTest"/>
  <testcase name="isCustomerAdded" time="10.741" classname="tests.TravelsCustomerEditTest"/>
</testsuite> <!-- tests.TravelsCustomerEditTest -->
