<?xml version="1.0" encoding="UTF-8"?>
<!-- Generated by org.testng.reporters.JUnitReportReporter -->
<testsuite skipped="0" hostname="DESKTOP-KLNFU14" name="tests.TravelsMenuChechTest" tests="1" failures="0" timestamp="2019-12-10T21:06:04 CET" time="80.613" errors="0">
  <testcase name="checkFunctionality" time="80.613" classname="tests.TravelsMenuChechTest"/>
</testsuite> <!-- tests.TravelsMenuChechTest -->
