<?xml version="1.0" encoding="UTF-8"?>
<!-- Generated by org.testng.reporters.JUnitReportReporter -->
<testsuite skipped="0" hostname="DESKTOP-KLNFU14" name="tests.TravelsLogInTest" tests="1" failures="0" timestamp="2019-12-05T19:09:19 CET" time="4.441" errors="0">
  <testcase name="logInTest" time="4.441" classname="tests.TravelsLogInTest"/>
</testsuite> <!-- tests.TravelsLogInTest -->
