<?xml version="1.0" encoding="UTF-8"?>
<!-- Generated by org.testng.reporters.JUnitReportReporter -->
<testsuite skipped="0" hostname="DESKTOP-KLNFU14" name="tests.TravelCarsExtrasAddTest" tests="2" failures="0" timestamp="2019-12-13T18:34:26 CET" time="27.604" errors="0">
  <testcase name="editDetailsInCarExtras" time="17.562" classname="tests.TravelCarsExtrasAddTest"/>
  <testcase name="isCarAdded" time="10.042" classname="tests.TravelCarsExtrasAddTest"/>
</testsuite> <!-- tests.TravelCarsExtrasAddTest -->
