<?xml version="1.0" encoding="UTF-8"?>
<!-- Generated by org.testng.reporters.JUnitReportReporter -->
<testsuite skipped="0" hostname="DESKTOP-KLNFU14" name="tests.TravelsMenuCheckTest" tests="1" failures="0" timestamp="2019-12-13T19:01:12 CET" time="37.217" errors="0">
  <testcase name="checkFunctionality" time="37.217" classname="tests.TravelsMenuCheckTest"/>
</testsuite> <!-- tests.TravelsMenuCheckTest -->
